#
# There is insufficient memory for the Java Runtime Environment to continue.
# Native memory allocation (mmap) failed to map 67108864 bytes. Error detail: G1 virtual space
# Possible reasons:
#   The system is out of physical RAM or swap space
#   This process is running with CompressedOops enabled, and the Java Heap may be blocking the growth of the native heap
# Possible solutions:
#   Reduce memory load on the system
#   Increase physical memory or swap space
#   Check if swap backing store is full
#   Decrease Java heap size (-Xmx/-Xms)
#   Decrease number of Java threads
#   Decrease Java thread stack sizes (-Xss)
#   Set larger code cache with -XX:ReservedCodeCacheSize=
#   JVM is running with Unscaled Compressed Oops mode in which the Java heap is
#     placed in the first 4GB address space. The Java Heap base address is the
#     maximum limit for the native heap growth. Please use -XX:HeapBaseMinAddress
#     to set the Java Heap base and to place the Java Heap above 4GB virtual address.
# This output file may be truncated or incomplete.
#
#  Out of Memory Error (os_windows.cpp:3925), pid=7364, tid=16052
#
# JRE version:  (21.0.8+1) (build )
# Java VM: OpenJDK 64-Bit Server VM (21.0.8+1-b1038.72, mixed mode, sharing, tiered, compressed oops, compressed class ptrs, g1 gc, windows-amd64)
# No core dump will be written. Minidumps are not enabled by default on client versions of Windows
#

---------------  S U M M A R Y ------------

Command Line: git4idea.editor.GitRebaseEditorApp C:/Users/Thushan/Herd/hotel/.git/COMMIT_EDITMSG

Host: Intel(R) Core(TM) i3-8130U CPU @ 2.20GHz, 4 cores, 3G,  Windows 10 , 64 bit Build 19041 (10.0.19041.5915)
Time: Thu Mar 26 13:08:56 2026 Sri Lanka Standard Time elapsed time: 0.418186 seconds (0d 0h 0m 0s)

---------------  T H R E A D  ---------------

Current thread (0x0000024fb30f0b10):  JavaThread "Unknown thread" [_thread_in_vm, id=16052, stack(0x0000006ee4600000,0x0000006ee4700000) (1024K)]

Stack: [0x0000006ee4600000,0x0000006ee4700000]
Native frames: (J=compiled Java code, j=interpreted, Vv=VM code, C=native code)
V  [jvm.dll+0x6ebeb9]
V  [jvm.dll+0x8cbec3]
V  [jvm.dll+0x8ce47e]
V  [jvm.dll+0x8ceb63]
V  [jvm.dll+0x28adf6]
V  [jvm.dll+0x6e8695]
V  [jvm.dll+0x6dbeea]
V  [jvm.dll+0x36689b]
V  [jvm.dll+0x36e466]
V  [jvm.dll+0x3c08c6]
V  [jvm.dll+0x3c0b98]
V  [jvm.dll+0x3390cc]
V  [jvm.dll+0x339dbb]
V  [jvm.dll+0x893349]
V  [jvm.dll+0x3cda98]
V  [jvm.dll+0x87c368]
V  [jvm.dll+0x46283e]
V  [jvm.dll+0x464521]
C  [jli.dll+0x52ab]
C  [ucrtbase.dll+0x21bb2]
C  [KERNEL32.DLL+0x17374]
C  [ntdll.dll+0x4cc91]


---------------  P R O C E S S  ---------------

Threads class SMR info:
_java_thread_list=0x00007ffbdd7f32c8, length=0, elements={
}

Java Threads: ( => current thread )
Total: 0

Other Threads:
  0x0000024fb30cc930 WorkerThread "GC Thread#0"                     [id=14268, stack(0x0000006ee4700000,0x0000006ee4800000) (1024K)]
  0x0000024fb53318e0 ConcurrentGCThread "G1 Main Marker"            [id=13752, stack(0x0000006ee4800000,0x0000006ee4900000) (1024K)]
  0x0000024fb30cccd0 WorkerThread "G1 Conc#0"                       [id=9692, stack(0x0000006ee4900000,0x0000006ee4a00000) (1024K)]

[error occurred during error reporting (printing all threads), id 0xc0000005, EXCEPTION_ACCESS_VIOLATION (0xc0000005) at pc=0x00007ffbdcedc0b7]
VM state: not at safepoint (not fully initialized)

VM Mutex/Monitor currently owned by a thread:  ([mutex/lock_event])
[0x00007ffbdd867d58] Heap_lock - owner thread: 0x0000024fb30f0b10

Heap address: 0x00000000c1c00000, size: 996 MB, Compressed Oops mode: 32-bit

CDS archive(s) mapped at: [0x0000000000000000-0x0000000000000000-0x0000000000000000), size 0, SharedBaseAddress: 0x0000000800000000, ArchiveRelocationMode: 1.
Narrow klass base: 0x0000000000000000, Narrow klass shift: 0, Narrow klass range: 0x0

GC Precious Log:
 CardTable entry size: 512
 Card Set container configuration: InlinePtr #cards 5 size 8 Array Of Cards #cards 12 size 40 Howl #buckets 4 coarsen threshold 1843 Howl Bitmap #cards 512 size 80 coarsen threshold 460 Card regions per heap region 1 cards per card region 2048

Heap:
 garbage-first heap   total 0K, used 0K [0x00000000c1c00000, 0x0000000100000000)
  region size 1024K, 0 young (0K), 0 survivors (0K)
 Metaspace       used 0K, committed 0K, reserved 0K
  class space    used 0K, committed 0K, reserved 0K

Heap Regions: E=young(eden), S=young(survivor), O=old, HS=humongous(starts), HC=humongous(continues), CS=collection set, F=free, TAMS=top-at-mark-start, PB=parsable bottom

Card table byte_map: [0x0000024fc8540000,0x0000024fc8740000] _byte_map_base: 0x0000024fc7f32000

Marking Bits: (CMBitMap*) 0x0000024fb5329380
 Bits: [0x0000024fc8740000, 0x0000024fc96d0000)

GC Heap History (0 events):
No events

Dll operation events (1 events):
Event: 0.119 Loaded shared library C:\Program Files\JetBrains\PhpStorm 2025.2.3\jbr\bin\java.dll

Deoptimization events (0 events):
No events

Classes loaded (0 events):
No events

Classes unloaded (0 events):
No events

Classes redefined (0 events):
No events

Internal exceptions (0 events):
No events

ZGC Phase Switch (0 events):
No events

VM Operations (0 events):
No events

Memory protections (0 events):
No events

Nmethod flushes (0 events):
No events

Events (0 events):
No events


Dynamic libraries:
0x00007ff6b06d0000 - 0x00007ff6b06da000 	C:\Program Files\JetBrains\PhpStorm 2025.2.3\jbr\bin\java.exe
0x00007ffc4f9b0000 - 0x00007ffc4fba8000 	C:\Windows\SYSTEM32\ntdll.dll
0x00007ffc4d9d0000 - 0x00007ffc4da92000 	C:\Windows\System32\KERNEL32.DLL
0x00007ffc4d650000 - 0x00007ffc4d946000 	C:\Windows\System32\KERNELBASE.dll
0x00007ffc4d040000 - 0x00007ffc4d140000 	C:\Windows\System32\ucrtbase.dll
0x00007ffc4a530000 - 0x00007ffc4a548000 	C:\Program Files\JetBrains\PhpStorm 2025.2.3\jbr\bin\jli.dll
0x00007ffc449a0000 - 0x00007ffc449bb000 	C:\Program Files\JetBrains\PhpStorm 2025.2.3\jbr\bin\VCRUNTIME140.dll
0x00007ffc4f4b0000 - 0x00007ffc4f651000 	C:\Windows\System32\USER32.dll
0x00007ffc4d140000 - 0x00007ffc4d162000 	C:\Windows\System32\win32u.dll
0x00007ffc4f790000 - 0x00007ffc4f7bb000 	C:\Windows\System32\GDI32.dll
0x00007ffc4d320000 - 0x00007ffc4d439000 	C:\Windows\System32\gdi32full.dll
0x00007ffc4d5b0000 - 0x00007ffc4d64d000 	C:\Windows\System32\msvcp_win.dll
0x00007ffc4c3e0000 - 0x00007ffc4c67b000 	C:\Windows\WinSxS\amd64_microsoft.windows.common-controls_6595b64144ccf1df_6.0.19041.6456_none_60b8a6cb71f64256\COMCTL32.dll
0x00007ffc4e1b0000 - 0x00007ffc4e24e000 	C:\Windows\System32\msvcrt.dll
0x00007ffc4dcb0000 - 0x00007ffc4dcdf000 	C:\Windows\System32\IMM32.DLL
0x00007ffc4a230000 - 0x00007ffc4a23c000 	C:\Program Files\JetBrains\PhpStorm 2025.2.3\jbr\bin\vcruntime140_1.dll
0x00007ffc38030000 - 0x00007ffc380bd000 	C:\Program Files\JetBrains\PhpStorm 2025.2.3\jbr\bin\msvcp140.dll
0x00007ffbdcb90000 - 0x00007ffbdd95b000 	C:\Program Files\JetBrains\PhpStorm 2025.2.3\jbr\bin\server\jvm.dll
0x00007ffc4f660000 - 0x00007ffc4f711000 	C:\Windows\System32\ADVAPI32.dll
0x00007ffc4eca0000 - 0x00007ffc4ed3f000 	C:\Windows\System32\sechost.dll
0x00007ffc4eb80000 - 0x00007ffc4eca0000 	C:\Windows\System32\RPCRT4.dll
0x00007ffc4d580000 - 0x00007ffc4d5a7000 	C:\Windows\System32\bcrypt.dll
0x00007ffc4f720000 - 0x00007ffc4f78b000 	C:\Windows\System32\WS2_32.dll
0x00007ffc4cc30000 - 0x00007ffc4cc7b000 	C:\Windows\SYSTEM32\POWRPROF.dll
0x00007ffc38940000 - 0x00007ffc38967000 	C:\Windows\SYSTEM32\WINMM.dll
0x00007ffc45aa0000 - 0x00007ffc45aaa000 	C:\Windows\SYSTEM32\VERSION.dll
0x00007ffc4c770000 - 0x00007ffc4c782000 	C:\Windows\SYSTEM32\UMPDC.dll
0x00007ffc4a8a0000 - 0x00007ffc4a8b2000 	C:\Windows\SYSTEM32\kernel.appcore.dll
0x00007ffc4a220000 - 0x00007ffc4a22a000 	C:\Program Files\JetBrains\PhpStorm 2025.2.3\jbr\bin\jimage.dll
0x00007ffc4ca20000 - 0x00007ffc4cc21000 	C:\Windows\SYSTEM32\DBGHELP.DLL
0x00007ffc4c7b0000 - 0x00007ffc4c7e4000 	C:\Windows\SYSTEM32\dbgcore.DLL
0x00007ffc4d440000 - 0x00007ffc4d4c2000 	C:\Windows\System32\bcryptPrimitives.dll
0x00007ffc390b0000 - 0x00007ffc390d0000 	C:\Program Files\JetBrains\PhpStorm 2025.2.3\jbr\bin\java.dll

JVMTI agents: none

dbghelp: loaded successfully - version: 4.0.5 - missing functions: none
symbol engine: initialized successfully - sym options: 0x614 - pdb path: .;C:\Program Files\JetBrains\PhpStorm 2025.2.3\jbr\bin;C:\Windows\SYSTEM32;C:\Windows\WinSxS\amd64_microsoft.windows.common-controls_6595b64144ccf1df_6.0.19041.6456_none_60b8a6cb71f64256;C:\Program Files\JetBrains\PhpStorm 2025.2.3\jbr\bin\server

VM Arguments:
java_command: git4idea.editor.GitRebaseEditorApp C:/Users/Thushan/Herd/hotel/.git/COMMIT_EDITMSG
java_class_path (initial): C:/Program Files/JetBrains/PhpStorm 2025.2.3/plugins/vcs-git/lib/git4idea-rt.jar;C:/Program Files/JetBrains/PhpStorm 2025.2.3/lib/externalProcess-rt.jar
Launcher Type: SUN_STANDARD

[Global flags]
     intx CICompilerCount                          = 3                                         {product} {ergonomic}
     uint ConcGCThreads                            = 1                                         {product} {ergonomic}
     uint G1ConcRefinementThreads                  = 4                                         {product} {ergonomic}
   size_t G1HeapRegionSize                         = 1048576                                   {product} {ergonomic}
    uintx GCDrainStackTargetSize                   = 64                                        {product} {ergonomic}
   size_t InitialHeapSize                          = 67108864                                  {product} {ergonomic}
   size_t MarkStackSize                            = 4194304                                   {product} {ergonomic}
   size_t MaxHeapSize                              = 1044381696                                {product} {ergonomic}
   size_t MinHeapDeltaBytes                        = 1048576                                   {product} {ergonomic}
   size_t MinHeapSize                              = 8388608                                   {product} {ergonomic}
    uintx NonNMethodCodeHeapSize                   = 5832780                                {pd product} {ergonomic}
    uintx NonProfiledCodeHeapSize                  = 122912730                              {pd product} {ergonomic}
    uintx ProfiledCodeHeapSize                     = 122912730                              {pd product} {ergonomic}
    uintx ReservedCodeCacheSize                    = 251658240                              {pd product} {ergonomic}
     bool SegmentedCodeCache                       = true                                      {product} {ergonomic}
   size_t SoftMaxHeapSize                          = 1044381696                             {manageable} {ergonomic}
     bool UseCompressedOops                        = true                           {product lp64_product} {ergonomic}
     bool UseG1GC                                  = true                                      {product} {ergonomic}
     bool UseLargePagesIndividualAllocation        = false                                  {pd product} {ergonomic}

Logging:
Log output configuration:
 #0: stdout all=warning uptime,level,tags foldmultilines=false
 #1: stderr all=off uptime,level,tags foldmultilines=false

Environment Variables:
PATH=C:\Program Files\Git\mingw64\libexec\git-core;C:\Program Files\Git\mingw64\libexec\git-core;C:\Program Files\Git\mingw64\bin;C:\Program Files\Git\usr\bin;C:\Users\Thushan\bin;C:\Users\Thushan\.config\herd\bin\php84;C:\Users\Thushan\.config\herd\bin\nvm;C:\Program Files\Python312\Scripts;C:\Program Files\Python312;C:\Program Files\Common Files\Oracle\Java\javapath;C:\Windows\system32;C:\Windows;C:\Windows\System32\Wbem;C:\Windows\System32\WindowsPowerShell\v1.0;C:\Windows\System32\OpenSSH;C:\Program Files\Java\jdk-21\bin;C:\Program Files\dotnet;C:\Program Files\MySQL\MySQL Server 8.0\bin;C:\Program Files\MySQL\MySQL Server 8.0\bin;C:\Program Files\Git\cmd;C:\Program Files\Python312;C:\Program Files\Python312\Scripts;C:\Program Files\Java\jdk-21\bin;C:\Program Files\nodejs;D:\HND SE\DM2\sqlite3;C:\ProgramData\ComposerSetup\bin;C:\Program Files\nodejs;C:\Users\Thushan\.config\herd\bin\php84;C:\Users\Thushan\.config\herd\bin;C:\Users\Thushan\AppData\Local\Microsoft\WindowsApps;C:\Users\Thushan\.dotnet\tools;C:\Users\Thushan\AppData\Local\Programs\Microsoft VS Code\bin;C:\Program Files\MySQL\MySQL Server 8.0\bin;C:\Program Files\JetBrains\IntelliJ IDEA Community Edition 2024.1\bin;C:\Users\Thushan\AppData\Local\Programs\mongosh;C:\Users\Thushan\AppData\Roaming\npm;C:\Users\Thushan\AppData\Local\GitHubDesktop\bin;C:\Users\Thushan\AppData\Roaming\Composer\vendor\bin;C:\Program Files\JetBrains\PhpStorm 2025.2.3\bin
USERNAME=Thushan
DISPLAY=:0.0
LC_ALL=en_US.UTF-8
TERM=xterm-256color
TMPDIR=C:\Users\Thushan\AppData\Local\Temp
OS=Windows_NT
PROCESSOR_IDENTIFIER=Intel64 Family 6 Model 142 Stepping 10, GenuineIntel
TMP=C:\Users\Thushan\AppData\Local\Temp
TEMP=C:\Users\Thushan\AppData\Local\Temp




Periodic native trim disabled

JNI global refs:
JNI global refs: 0, weak refs: 0

JNI global refs memory usage: 0, weak refs: 0

Process memory usage:
Resident Set Size: 10264K (0% of 4074556K total physical memory with 218428K free physical memory)

OOME stack traces (most recent first):
Classloader memory used:

---------------  S Y S T E M  ---------------

OS:
 Windows 10 , 64 bit Build 19041 (10.0.19041.5915)
OS uptime: 3 days 1:48 hours

CPU: total 4 (initial active 4) (2 cores per cpu, 2 threads per core) family 6 model 142 stepping 10 microcode 0xb4, cx8, cmov, fxsr, ht, mmx, 3dnowpref, sse, sse2, sse3, ssse3, sse4.1, sse4.2, popcnt, lzcnt, tsc, tscinvbit, avx, avx2, aes, erms, clmul, bmi1, bmi2, adx, fma, vzeroupper, clflush, clflushopt, rdtscp, f16c
Processor Information for processor 0
  Max Mhz: 2208, Current Mhz: 2208, Mhz Limit: 2208
Processor Information for processor 1
  Max Mhz: 2208, Current Mhz: 2208, Mhz Limit: 2208
Processor Information for processor 2
  Max Mhz: 2208, Current Mhz: 2208, Mhz Limit: 2208
Processor Information for processor 3
  Max Mhz: 2208, Current Mhz: 1405, Mhz Limit: 2208

Memory: 4k page, system-wide physical 3979M (213M free)
TotalPageFile size 16267M (AvailPageFile size 5M)
current process WorkingSet (physical memory assigned to process): 10M, peak: 10M
current process commit charge ("private bytes"): 51M, peak: 115M

vm_info: OpenJDK 64-Bit Server VM (21.0.8+1-b1038.72) for windows-amd64 JRE (21.0.8+1-b1038.72), built on 2025-09-08 by "builduser" with MS VC++ 16.10 / 16.11 (VS2019)

END.
